<?xml version="1.0" encoding="UTF-8"?>
<!-- Generated by org.testng.reporters.JUnitXMLReporter -->
<testsuite ignored="0" hostname="DESKTOP-NMN6P8R" failures="0" tests="11" name="Default test" time="0.044" errors="0" timestamp="2020-11-16T14:08:41 VET">
  <testcase classname="TestNG.TestCalculateCost" name="obtenerNombreAdrian" time="0.007"/>
  <testcase classname="TestNG.TestCalculateCost" name="obtenerNombreAndres" time="0.001"/>
  <testcase classname="TestNG.TestCalculateCost" name="obtenerNombreGamal" time="0.0"/>
  <testcase classname="TestNG.TestCalculateCost" name="obtenerNumeroTelefonico" time="0.0"/>
  <testcase classname="TestNG.TestCalculateCost" name="obtenerPlanPostPago" time="0.001"/>
  <testcase classname="TestNG.TestCalculateCost" name="obtenerPlanPrePago" time="0.001"/>
  <testcase classname="TestNG.TestCalculateCost" name="obtenerPlanWow" time="0.001"/>
  <testcase classname="TestNG.TestCalculateCost" name="obtenerTodosLosDatos" time="0.0"/>
  <testcase classname="TestNG.TestCalculateCost" name="obtenerTodosLosDatos2" time="0.001"/>
  <testcase classname="TestNG.TestCalculateCost" name="obtenerTodosLosDatos3" time="0.001"/>
  <testcase classname="TestNG.TestCalculateCost" name="test1" time="0.0"/>
</testsuite> <!-- Default test -->
