<?xml version="1.0" encoding="UTF-8"?>
<!-- Generated by org.testng.reporters.JUnitXMLReporter -->
<testsuite ignored="6" hostname="DESKTOP-NMN6P8R" failures="0" tests="1" name="Default test" time="0.187" errors="0" timestamp="2020-11-17T11:44:50 VET">
  <testcase classname="TestPersistencia.RegistrosSQLTest" name="test_ErroronnectToTelefonossDB" time="0.101"/>
  <testcase classname="TestPersistencia.RegistrosSQLTest" name="test_GuardarCDRsCalculados" time="0.0">
    <ignored/>
  </testcase> <!-- test_GuardarCDRsCalculados -->
  <testcase classname="TestPersistencia.RegistrosSQLTest" name="test_ConnectToTelefonossDB" time="0.0">
    <ignored/>
  </testcase> <!-- test_ConnectToTelefonossDB -->
  <testcase classname="TestPersistencia.RegistrosSQLTest" name="test_DisconnectFromDB" time="0.0">
    <ignored/>
  </testcase> <!-- test_DisconnectFromDB -->
  <testcase classname="TestPersistencia.RegistrosSQLTest" name="test_LeerCDRs" time="0.0">
    <ignored/>
  </testcase> <!-- test_LeerCDRs -->
  <testcase classname="TestPersistencia.RegistrosSQLTest" name="test_ConnectToCDRsDB" time="0.0">
    <ignored/>
  </testcase> <!-- test_ConnectToCDRsDB -->
  <testcase classname="TestPersistencia.RegistrosSQLTest" name="test_CargarPlanATelefonos" time="0.0">
    <ignored/>
  </testcase> <!-- test_CargarPlanATelefonos -->
</testsuite> <!-- Default test -->
