<?xml version="1.0" encoding="UTF-8"?>
<!-- Generated by org.testng.reporters.JUnitXMLReporter -->
<testsuite ignored="0" hostname="DESKTOP-NMN6P8R" failures="0" tests="23" name="Command line test" time="0.21" errors="0" timestamp="2020-11-17T10:07:55 VET">
  <testcase classname="TestCasosDeUso.CalcularCDRsTest" name="test_CalcularCostos" time="0.002"/>
  <testcase classname="TestCasosDeUso.CalcularCDRsTest" name="test_ObtenerNombreCasoDeUso" time="0.005"/>
  <testcase classname="TestCasosDeUso.CargarCDRsTest" name="test_CargarCDRs" time="0.003"/>
  <testcase classname="TestCasosDeUso.CargarCDRsTest" name="test_ObtenerNombreCasoDeUso" time="0.0"/>
  <testcase classname="TestCasosDeUso.CargarUsuariosTest" name="test_CargarUsuarios" time="0.0"/>
  <testcase classname="TestCasosDeUso.CargarUsuariosTest" name="test_ObtenerNombreCasoDeUso" time="0.001"/>
  <testcase classname="TestCasosDeUso.MostrarCDRsTest" name="test_ObtenerNombreCasoDeUso" time="0.0"/>
  <testcase classname="TestCasosDeUso.MostrarCDRsTest" name="test_obtenerCDRs" time="0.0"/>
  <testcase classname="TestCasosDeUso.MostrarUsuariosTest" name="test_CargarUsuarios" time="0.0"/>
  <testcase classname="TestCasosDeUso.MostrarUsuariosTest" name="test_ObtenerNombreCasoDeUso" time="0.0"/>
  <testcase classname="TestCasosDeUso.TarifarCDRsTest" name="test_CalcularCostos" time="0.0"/>
  <testcase classname="TestCasosDeUso.TarifarCDRsTest" name="test_ObtenerNombreCasoDeUso" time="0.0"/>
  <testcase classname="TestNG.TestCalculateCost" name="obtenerNombreAdrian" time="0.0"/>
  <testcase classname="TestNG.TestCalculateCost" name="obtenerNombreAndres" time="0.0"/>
  <testcase classname="TestNG.TestCalculateCost" name="obtenerNombreGamal" time="0.0"/>
  <testcase classname="TestNG.TestCalculateCost" name="obtenerNumeroTelefonico" time="0.0"/>
  <testcase classname="TestNG.TestCalculateCost" name="obtenerPlanPostPago" time="0.0"/>
  <testcase classname="TestNG.TestCalculateCost" name="obtenerPlanPrePago" time="0.0"/>
  <testcase classname="TestNG.TestCalculateCost" name="obtenerPlanWow" time="0.0"/>
  <testcase classname="TestNG.TestCalculateCost" name="obtenerTodosLosDatos" time="0.0"/>
  <testcase classname="TestNG.TestCalculateCost" name="obtenerTodosLosDatos2" time="0.0"/>
  <testcase classname="TestNG.TestCalculateCost" name="obtenerTodosLosDatos3" time="0.001"/>
  <testcase classname="TestNG.TestCalculateCost" name="test1" time="0.0"/>
</testsuite> <!-- Command line test -->
