<?xml version="1.0" encoding="UTF-8"?>
<testng-results ignored="0" total="11" passed="11" failed="0" skipped="0">
  <reporter-output>
  </reporter-output>
  <suite started-at="2020-11-16T14:28:18 VET" name="TestNG.TestCalculateCost" finished-at="2020-11-16T14:28:18 VET" duration-ms="162">
    <groups>
    </groups>
    <test started-at="2020-11-16T14:28:18 VET" name="Command line test" finished-at="2020-11-16T14:28:18 VET" duration-ms="162">
      <class name="TestNG.TestCalculateCost">
        <test-method signature="obtenerNombreAdrian()[pri:0, instance:TestNG.TestCalculateCost@385ef531]" started-at="2020-11-16T14:28:18 VET" name="obtenerNombreAdrian" finished-at="2020-11-16T14:28:18 VET" duration-ms="12" status="PASS">
          <reporter-output>
          </reporter-output>
        </test-method> <!-- obtenerNombreAdrian -->
        <test-method signature="obtenerNombreAndres()[pri:0, instance:TestNG.TestCalculateCost@385ef531]" started-at="2020-11-16T14:28:18 VET" name="obtenerNombreAndres" finished-at="2020-11-16T14:28:18 VET" duration-ms="1" status="PASS">
          <reporter-output>
          </reporter-output>
        </test-method> <!-- obtenerNombreAndres -->
        <test-method signature="obtenerNombreGamal()[pri:0, instance:TestNG.TestCalculateCost@385ef531]" started-at="2020-11-16T14:28:18 VET" name="obtenerNombreGamal" finished-at="2020-11-16T14:28:18 VET" duration-ms="0" status="PASS">
          <reporter-output>
          </reporter-output>
        </test-method> <!-- obtenerNombreGamal -->
        <test-method signature="obtenerNumeroTelefonico()[pri:0, instance:TestNG.TestCalculateCost@385ef531]" started-at="2020-11-16T14:28:18 VET" name="obtenerNumeroTelefonico" finished-at="2020-11-16T14:28:18 VET" duration-ms="1" status="PASS">
          <reporter-output>
          </reporter-output>
        </test-method> <!-- obtenerNumeroTelefonico -->
        <test-method signature="obtenerPlanPostPago()[pri:0, instance:TestNG.TestCalculateCost@385ef531]" started-at="2020-11-16T14:28:18 VET" name="obtenerPlanPostPago" finished-at="2020-11-16T14:28:18 VET" duration-ms="0" status="PASS">
          <reporter-output>
          </reporter-output>
        </test-method> <!-- obtenerPlanPostPago -->
        <test-method signature="obtenerPlanPrePago()[pri:0, instance:TestNG.TestCalculateCost@385ef531]" started-at="2020-11-16T14:28:18 VET" name="obtenerPlanPrePago" finished-at="2020-11-16T14:28:18 VET" duration-ms="0" status="PASS">
          <reporter-output>
          </reporter-output>
        </test-method> <!-- obtenerPlanPrePago -->
        <test-method signature="obtenerPlanWow()[pri:0, instance:TestNG.TestCalculateCost@385ef531]" started-at="2020-11-16T14:28:18 VET" name="obtenerPlanWow" finished-at="2020-11-16T14:28:18 VET" duration-ms="0" status="PASS">
          <reporter-output>
          </reporter-output>
        </test-method> <!-- obtenerPlanWow -->
        <test-method signature="obtenerTodosLosDatos2()[pri:0, instance:TestNG.TestCalculateCost@385ef531]" started-at="2020-11-16T14:28:18 VET" name="obtenerTodosLosDatos2" finished-at="2020-11-16T14:28:18 VET" duration-ms="0" status="PASS">
          <reporter-output>
          </reporter-output>
        </test-method> <!-- obtenerTodosLosDatos2 -->
        <test-method signature="obtenerTodosLosDatos()[pri:0, instance:TestNG.TestCalculateCost@385ef531]" started-at="2020-11-16T14:28:18 VET" name="obtenerTodosLosDatos" finished-at="2020-11-16T14:28:18 VET" duration-ms="0" status="PASS">
          <reporter-output>
          </reporter-output>
        </test-method> <!-- obtenerTodosLosDatos -->
        <test-method signature="obtenerTodosLosDatos3()[pri:0, instance:TestNG.TestCalculateCost@385ef531]" started-at="2020-11-16T14:28:18 VET" name="obtenerTodosLosDatos3" finished-at="2020-11-16T14:28:18 VET" duration-ms="0" status="PASS">
          <reporter-output>
          </reporter-output>
        </test-method> <!-- obtenerTodosLosDatos3 -->
        <test-method signature="test1()[pri:0, instance:TestNG.TestCalculateCost@385ef531]" started-at="2020-11-16T14:28:18 VET" name="test1" finished-at="2020-11-16T14:28:18 VET" duration-ms="0" status="PASS">
          <reporter-output>
          </reporter-output>
        </test-method> <!-- test1 -->
      </class> <!-- TestNG.TestCalculateCost -->
    </test> <!-- Command line test -->
  </suite> <!-- TestNG.TestCalculateCost -->
</testng-results>
