<?xml version="1.0" encoding="UTF-8"?>
<testng-results ignored="0" total="20" passed="20" failed="0" skipped="0">
  <reporter-output>
  </reporter-output>
  <suite started-at="2020-11-17T11:44:58 VET" name="Command line suite" finished-at="2020-11-17T11:44:59 VET" duration-ms="539">
    <groups>
    </groups>
    <test started-at="2020-11-17T11:44:58 VET" name="Command line test" finished-at="2020-11-17T11:44:59 VET" duration-ms="539">
      <class name="TestCasosDeUso.TarifarCDRsTest">
        <test-method is-config="true" signature="setup()[pri:0, instance:TestCasosDeUso.TarifarCDRsTest@2c708440]" started-at="2020-11-17T11:44:58 VET" name="setup" finished-at="2020-11-17T11:44:58 VET" duration-ms="1" status="PASS">
          <reporter-output>
          </reporter-output>
        </test-method> <!-- setup -->
        <test-method signature="test_ObtenerNombreCasoDeUso()[pri:0, instance:TestCasosDeUso.TarifarCDRsTest@2c708440]" started-at="2020-11-17T11:44:58 VET" name="test_ObtenerNombreCasoDeUso" finished-at="2020-11-17T11:44:58 VET" duration-ms="1" status="PASS">
          <reporter-output>
          </reporter-output>
        </test-method> <!-- test_ObtenerNombreCasoDeUso -->
        <test-method signature="test_CalcularCosto()[pri:0, instance:TestCasosDeUso.TarifarCDRsTest@2c708440]" started-at="2020-11-17T11:44:58 VET" name="test_CalcularCosto" finished-at="2020-11-17T11:44:58 VET" duration-ms="0" status="PASS">
          <reporter-output>
          </reporter-output>
        </test-method> <!-- test_CalcularCosto -->
      </class> <!-- TestCasosDeUso.TarifarCDRsTest -->
      <class name="TestCasosDeUso.CalcularCDRsTest">
        <test-method is-config="true" signature="setup()[pri:0, instance:TestCasosDeUso.CalcularCDRsTest@37b72ea]" started-at="2020-11-17T11:44:58 VET" name="setup" finished-at="2020-11-17T11:44:58 VET" duration-ms="90" status="PASS">
          <reporter-output>
          </reporter-output>
        </test-method> <!-- setup -->
        <test-method signature="test_CalcularCostos()[pri:0, instance:TestCasosDeUso.CalcularCDRsTest@37b72ea]" started-at="2020-11-17T11:44:58 VET" name="test_CalcularCostos" finished-at="2020-11-17T11:44:58 VET" duration-ms="1" status="PASS">
          <reporter-output>
          </reporter-output>
        </test-method> <!-- test_CalcularCostos -->
        <test-method signature="test_ObtenerNombreCasoDeUso()[pri:0, instance:TestCasosDeUso.CalcularCDRsTest@37b72ea]" started-at="2020-11-17T11:44:58 VET" name="test_ObtenerNombreCasoDeUso" finished-at="2020-11-17T11:44:58 VET" duration-ms="5" status="PASS">
          <reporter-output>
          </reporter-output>
        </test-method> <!-- test_ObtenerNombreCasoDeUso -->
      </class> <!-- TestCasosDeUso.CalcularCDRsTest -->
      <class name="TestCasosDeUso.CargarUsuariosTest">
        <test-method is-config="true" signature="setup()[pri:0, instance:TestCasosDeUso.CargarUsuariosTest@7d37f1c]" started-at="2020-11-17T11:44:58 VET" name="setup" finished-at="2020-11-17T11:44:58 VET" duration-ms="0" status="PASS">
          <reporter-output>
          </reporter-output>
        </test-method> <!-- setup -->
        <test-method signature="test_CargarUsuarios()[pri:0, instance:TestCasosDeUso.CargarUsuariosTest@7d37f1c]" started-at="2020-11-17T11:44:58 VET" name="test_CargarUsuarios" finished-at="2020-11-17T11:44:58 VET" duration-ms="1" status="PASS">
          <reporter-output>
          </reporter-output>
        </test-method> <!-- test_CargarUsuarios -->
        <test-method signature="test_ObtenerNombreCasoDeUso()[pri:0, instance:TestCasosDeUso.CargarUsuariosTest@7d37f1c]" started-at="2020-11-17T11:44:58 VET" name="test_ObtenerNombreCasoDeUso" finished-at="2020-11-17T11:44:58 VET" duration-ms="0" status="PASS">
          <reporter-output>
          </reporter-output>
        </test-method> <!-- test_ObtenerNombreCasoDeUso -->
      </class> <!-- TestCasosDeUso.CargarUsuariosTest -->
      <class name="TestPersistencia.RegistrosSQLTest">
        <test-method is-config="true" signature="setup()[pri:0, instance:TestPersistencia.RegistrosSQLTest@3047254d]" started-at="2020-11-17T11:44:58 VET" name="setup" finished-at="2020-11-17T11:44:58 VET" duration-ms="2" status="PASS">
          <reporter-output>
          </reporter-output>
        </test-method> <!-- setup -->
        <test-method signature="test_ConnectToTelefonossDB()[pri:0, instance:TestPersistencia.RegistrosSQLTest@3047254d]" started-at="2020-11-17T11:44:58 VET" name="test_ConnectToTelefonossDB" finished-at="2020-11-17T11:44:58 VET" duration-ms="105" status="PASS">
          <reporter-output>
          </reporter-output>
        </test-method> <!-- test_ConnectToTelefonossDB -->
        <test-method signature="test_ErroronnectToTelefonossDB()[pri:0, instance:TestPersistencia.RegistrosSQLTest@3047254d]" started-at="2020-11-17T11:44:58 VET" name="test_ErroronnectToTelefonossDB" finished-at="2020-11-17T11:44:58 VET" duration-ms="1" status="PASS">
          <reporter-output>
          </reporter-output>
        </test-method> <!-- test_ErroronnectToTelefonossDB -->
        <test-method signature="test_LeerCDRs()[pri:0, instance:TestPersistencia.RegistrosSQLTest@3047254d]" started-at="2020-11-17T11:44:58 VET" name="test_LeerCDRs" finished-at="2020-11-17T11:44:58 VET" duration-ms="10" status="PASS">
          <reporter-output>
          </reporter-output>
        </test-method> <!-- test_LeerCDRs -->
        <test-method signature="test_ConnectToCDRsDB()[pri:0, instance:TestPersistencia.RegistrosSQLTest@3047254d]" started-at="2020-11-17T11:44:58 VET" name="test_ConnectToCDRsDB" finished-at="2020-11-17T11:44:58 VET" duration-ms="1" status="PASS">
          <reporter-output>
          </reporter-output>
        </test-method> <!-- test_ConnectToCDRsDB -->
        <test-method signature="test_DisconnectFromDB()[pri:0, instance:TestPersistencia.RegistrosSQLTest@3047254d]" started-at="2020-11-17T11:44:58 VET" name="test_DisconnectFromDB" finished-at="2020-11-17T11:44:58 VET" duration-ms="0" status="PASS">
          <reporter-output>
          </reporter-output>
        </test-method> <!-- test_DisconnectFromDB -->
        <test-method signature="test_CargarPlanATelefonos()[pri:0, instance:TestPersistencia.RegistrosSQLTest@3047254d]" started-at="2020-11-17T11:44:58 VET" name="test_CargarPlanATelefonos" finished-at="2020-11-17T11:44:58 VET" depends-on-methods="TestPersistencia.RegistrosSQLTest.test_LeerCDRs" duration-ms="5" status="PASS">
          <reporter-output>
          </reporter-output>
        </test-method> <!-- test_CargarPlanATelefonos -->
        <test-method signature="test_GuardarCDRsCalculados()[pri:0, instance:TestPersistencia.RegistrosSQLTest@3047254d]" started-at="2020-11-17T11:44:58 VET" name="test_GuardarCDRsCalculados" finished-at="2020-11-17T11:44:59 VET" depends-on-methods="TestPersistencia.RegistrosSQLTest.test_CargarPlanATelefonos, TestPersistencia.RegistrosSQLTest.test_LeerCDRs" duration-ms="263" status="PASS">
          <reporter-output>
          </reporter-output>
        </test-method> <!-- test_GuardarCDRsCalculados -->
      </class> <!-- TestPersistencia.RegistrosSQLTest -->
      <class name="TestNG.TestCalculateCost">
        <test-method signature="test()[pri:0, instance:TestNG.TestCalculateCost@6cf31447]" started-at="2020-11-17T11:44:58 VET" name="test" finished-at="2020-11-17T11:44:58 VET" duration-ms="0" status="PASS">
          <reporter-output>
          </reporter-output>
        </test-method> <!-- test -->
      </class> <!-- TestNG.TestCalculateCost -->
      <class name="TestCasosDeUso.MostrarUsuariosTest">
        <test-method is-config="true" signature="setup()[pri:0, instance:TestCasosDeUso.MostrarUsuariosTest@3162743f]" started-at="2020-11-17T11:44:58 VET" name="setup" finished-at="2020-11-17T11:44:58 VET" duration-ms="1" status="PASS">
          <reporter-output>
          </reporter-output>
        </test-method> <!-- setup -->
        <test-method signature="test_CargarUsuarios()[pri:0, instance:TestCasosDeUso.MostrarUsuariosTest@3162743f]" started-at="2020-11-17T11:44:58 VET" name="test_CargarUsuarios" finished-at="2020-11-17T11:44:58 VET" duration-ms="1" status="PASS">
          <reporter-output>
          </reporter-output>
        </test-method> <!-- test_CargarUsuarios -->
        <test-method signature="test_ObtenerNombreCasoDeUso()[pri:0, instance:TestCasosDeUso.MostrarUsuariosTest@3162743f]" started-at="2020-11-17T11:44:58 VET" name="test_ObtenerNombreCasoDeUso" finished-at="2020-11-17T11:44:58 VET" duration-ms="0" status="PASS">
          <reporter-output>
          </reporter-output>
        </test-method> <!-- test_ObtenerNombreCasoDeUso -->
      </class> <!-- TestCasosDeUso.MostrarUsuariosTest -->
      <class name="TestCasosDeUso.CargarCDRsTest">
        <test-method is-config="true" signature="setup()[pri:0, instance:TestCasosDeUso.CargarCDRsTest@cc239ba]" started-at="2020-11-17T11:44:58 VET" name="setup" finished-at="2020-11-17T11:44:58 VET" duration-ms="1" status="PASS">
          <reporter-output>
          </reporter-output>
        </test-method> <!-- setup -->
        <test-method signature="test_CargarCDRs()[pri:0, instance:TestCasosDeUso.CargarCDRsTest@cc239ba]" started-at="2020-11-17T11:44:58 VET" name="test_CargarCDRs" finished-at="2020-11-17T11:44:58 VET" duration-ms="2" status="PASS">
          <reporter-output>
          </reporter-output>
        </test-method> <!-- test_CargarCDRs -->
        <test-method signature="test_ObtenerNombreCasoDeUso()[pri:0, instance:TestCasosDeUso.CargarCDRsTest@cc239ba]" started-at="2020-11-17T11:44:58 VET" name="test_ObtenerNombreCasoDeUso" finished-at="2020-11-17T11:44:58 VET" duration-ms="1" status="PASS">
          <reporter-output>
          </reporter-output>
        </test-method> <!-- test_ObtenerNombreCasoDeUso -->
      </class> <!-- TestCasosDeUso.CargarCDRsTest -->
      <class name="TestCasosDeUso.MostrarCDRsTest">
        <test-method is-config="true" signature="setup()[pri:0, instance:TestCasosDeUso.MostrarCDRsTest@69d6a7cd]" started-at="2020-11-17T11:44:58 VET" name="setup" finished-at="2020-11-17T11:44:58 VET" duration-ms="1" status="PASS">
          <reporter-output>
          </reporter-output>
        </test-method> <!-- setup -->
        <test-method signature="test_obtenerCDRs()[pri:0, instance:TestCasosDeUso.MostrarCDRsTest@69d6a7cd]" started-at="2020-11-17T11:44:58 VET" name="test_obtenerCDRs" finished-at="2020-11-17T11:44:58 VET" duration-ms="0" status="PASS">
          <reporter-output>
          </reporter-output>
        </test-method> <!-- test_obtenerCDRs -->
        <test-method signature="test_ObtenerNombreCasoDeUso()[pri:0, instance:TestCasosDeUso.MostrarCDRsTest@69d6a7cd]" started-at="2020-11-17T11:44:58 VET" name="test_ObtenerNombreCasoDeUso" finished-at="2020-11-17T11:44:58 VET" duration-ms="0" status="PASS">
          <reporter-output>
          </reporter-output>
        </test-method> <!-- test_ObtenerNombreCasoDeUso -->
      </class> <!-- TestCasosDeUso.MostrarCDRsTest -->
    </test> <!-- Command line test -->
  </suite> <!-- Command line suite -->
</testng-results>
