<?xml version="1.0" encoding="UTF-8" ?>
<testsuite tests="20" failures="0" name="TestSuite" time="0.399" errors="0" skipped="0">
  <properties>
[...]
</properties>
  <testcase classname="TestCasosDeUso.CalcularCDRsTest" name="test_CalcularCostos" time="0.004"/>
  <testcase classname="TestCasosDeUso.CalcularCDRsTest" name="test_ObtenerNombreCasoDeUso" time="0.004"/>
  <testcase classname="TestCasosDeUso.CargarCDRsTest" name="test_CargarCDRs" time="0.002"/>
  <testcase classname="TestCasosDeUso.CargarCDRsTest" name="test_ObtenerNombreCasoDeUso" time="0"/>
  <testcase classname="TestCasosDeUso.CargarUsuariosTest" name="test_CargarUsuarios" time="0.001"/>
  <testcase classname="TestCasosDeUso.CargarUsuariosTest" name="test_ObtenerNombreCasoDeUso" time="0"/>
  <testcase classname="TestCasosDeUso.MostrarCDRsTest" name="test_ObtenerNombreCasoDeUso" time="0"/>
  <testcase classname="TestCasosDeUso.MostrarCDRsTest" name="test_obtenerCDRs" time="0"/>
  <testcase classname="TestCasosDeUso.MostrarUsuariosTest" name="test_CargarUsuarios" time="0"/>
  <testcase classname="TestCasosDeUso.MostrarUsuariosTest" name="test_ObtenerNombreCasoDeUso" time="0.001"/>
  <testcase classname="TestCasosDeUso.TarifarCDRsTest" name="test_CalcularCosto" time="0"/>
  <testcase classname="TestCasosDeUso.TarifarCDRsTest" name="test_ObtenerNombreCasoDeUso" time="0"/>
  <testcase classname="TestNG.TestCalculateCost" name="test" time="0"/>
  <testcase classname="TestPersistencia.RegistrosSQLTest" name="test_ConnectToTelefonossDB" time="0.105"/>
  <testcase classname="TestPersistencia.RegistrosSQLTest" name="test_ErroronnectToTelefonossDB" time="0.001"/>
  <testcase classname="TestPersistencia.RegistrosSQLTest" name="test_LeerCDRs" time="0.013"/>
  <testcase classname="TestPersistencia.RegistrosSQLTest" name="test_ConnectToCDRsDB" time="0.001"/>
  <testcase classname="TestPersistencia.RegistrosSQLTest" name="test_DisconnectFromDB" time="0"/>
  <testcase classname="TestPersistencia.RegistrosSQLTest" name="test_CargarPlanATelefonos" time="0.004"/>
  <testcase classname="TestPersistencia.RegistrosSQLTest" name="test_GuardarCDRsCalculados" time="0.263"/>
</testsuite>