<?xml version="1.0" encoding="UTF-8"?>
<testng-results ignored="0" total="4" passed="4" failed="0" skipped="0">
  <reporter-output>
  </reporter-output>
  <suite started-at="2020-11-17T15:42:10 VET" name="Default suite" finished-at="2020-11-17T15:42:10 VET" duration-ms="97">
    <groups>
    </groups>
    <test started-at="2020-11-17T15:42:10 VET" name="Default test" finished-at="2020-11-17T15:42:10 VET" duration-ms="97">
      <class name="TestTarifas.TarifaNormalTest">
        <test-method is-config="true" signature="setup()[pri:0, instance:TestTarifas.TarifaNormalTest@6193932a]" started-at="2020-11-17T15:42:10 VET" name="setup" finished-at="2020-11-17T15:42:10 VET" duration-ms="11" status="PASS">
          <reporter-output>
          </reporter-output>
        </test-method> <!-- setup -->
        <test-method signature="calcularTarifaHorarioNormal()[pri:0, instance:TestTarifas.TarifaNormalTest@6193932a]" started-at="2020-11-17T15:42:10 VET" name="calcularTarifaHorarioNormal" finished-at="2020-11-17T15:42:10 VET" duration-ms="61" status="PASS">
          <reporter-output>
          </reporter-output>
        </test-method> <!-- calcularTarifaHorarioNormal -->
        <test-method signature="calcularTarifaHorarioNormal2()[pri:0, instance:TestTarifas.TarifaNormalTest@6193932a]" started-at="2020-11-17T15:42:10 VET" name="calcularTarifaHorarioNormal2" finished-at="2020-11-17T15:42:10 VET" duration-ms="1" status="PASS">
          <reporter-output>
          </reporter-output>
        </test-method> <!-- calcularTarifaHorarioNormal2 -->
        <test-method signature="calcularTarifaHorarioNormal3()[pri:0, instance:TestTarifas.TarifaNormalTest@6193932a]" started-at="2020-11-17T15:42:10 VET" name="calcularTarifaHorarioNormal3" finished-at="2020-11-17T15:42:10 VET" duration-ms="0" status="PASS">
          <reporter-output>
          </reporter-output>
        </test-method> <!-- calcularTarifaHorarioNormal3 -->
        <test-method signature="calcularTarifaHorarioNormal5()[pri:0, instance:TestTarifas.TarifaNormalTest@6193932a]" started-at="2020-11-17T15:42:10 VET" name="calcularTarifaHorarioNormal5" finished-at="2020-11-17T15:42:10 VET" duration-ms="1" status="PASS">
          <reporter-output>
          </reporter-output>
        </test-method> <!-- calcularTarifaHorarioNormal5 -->
      </class> <!-- TestTarifas.TarifaNormalTest -->
    </test> <!-- Default test -->
  </suite> <!-- Default suite -->
</testng-results>
