<?xml version="1.0" encoding="UTF-8"?>
<testng-results ignored="0" total="1" passed="1" failed="0" skipped="0">
  <reporter-output>
  </reporter-output>
  <suite started-at="2020-11-10T10:12:34 VET" name="Default suite" finished-at="2020-11-10T10:12:34 VET" duration-ms="47">
    <groups>
    </groups>
    <test started-at="2020-11-10T10:12:34 VET" name="Default test" finished-at="2020-11-10T10:12:34 VET" duration-ms="47">
      <class name="TestNG.TestCalculateCost">
        <test-method signature="test()[pri:0, instance:TestNG.TestCalculateCost@2f112965]" started-at="2020-11-10T10:12:34 VET" name="test" finished-at="2020-11-10T10:12:34 VET" duration-ms="11" status="PASS">
          <reporter-output>
          </reporter-output>
        </test-method> <!-- test -->
      </class> <!-- TestNG.TestCalculateCost -->
    </test> <!-- Default test -->
  </suite> <!-- Default suite -->
</testng-results>
